<?xml version="1.0" encoding="utf-8"?><testsuites><testsuite errors="0" failures="0" hostname="CR7-PC" name="pytest" skipped="0" tests="3" time="68.108" timestamp="2022-06-20T13:04:46.991364"><testcase classname="test_Homepage.TestHomePage" file="test_Homepage.py" line="9" name="test_homepage_form_submit[get_data0]" time="6.393"></testcase><testcase classname="test_Homepage.TestHomePage" file="test_Homepage.py" line="9" name="test_homepage_form_submit[get_data1]" time="0.918"></testcase><testcase classname="test_end2end.TestWorkflow" file="test_end2end.py" line="7" name="test_workflow1" time="59.250"></testcase></testsuite></testsuites>